<?xml version="1.0" encoding="UTF-8"?>
<!-- Generated by org.testng.reporters.JUnitReportReporter -->
<testsuite skipped="0" hostname="DESKTOP-2PVPGVB" name="com.selenium.automation.EcommerceProject.LinksTesting1" tests="1" failures="0" timestamp="08 Mar 2018 07:19:49 GMT" time="25.775" errors="0">
  <testcase name="linktesting1" time="25.775" classname="com.selenium.automation.EcommerceProject.LinksTesting1"/>
</testsuite> <!-- com.selenium.automation.EcommerceProject.LinksTesting1 -->
